# JRE version: OpenJDK Runtime Environment (17.0.11) (build 17.0.11+0--11852314)
# Java VM: OpenJDK 64-Bit Server VM (17.0.11+0--11852314, mixed mode, tiered, compressed oops, compressed class ptrs, g1 gc, windows-amd64)
GC Precious Log:
 CPUs: 4 total, 4 available
 Memory: 1934M
 Large Page Support: Disabled
 NUMA Support: Disabled
 Compressed Oops: Enabled (32-bit)
 Heap Region Size: 1M
 Heap Min Capacity: 8M
 Heap Initial Capacity: 32M
 Heap Max Capacity: 2G
 Pre-touch: Disabled
 Parallel Workers: 4
 Concurrent Workers: 1
 Concurrent Refinement Workers: 4
 Periodic GC: Disabled
Heap:
 garbage-first heap   total 219136K, used 115082K [0x0000000080000000, 0x0000000100000000)
  region size 1024K, 1 young (1024K), 1 survivors (1024K)
 Metaspace       used 93557K, committed 94272K, reserved 1179648K
  class space    used 12702K, committed 13056K, reserved 1048576K
GC Heap History (20 events):
Event: 469.027 GC heap after
{Heap after GC invocations=62 (full 0):
 garbage-first heap   total 182272K, used 82544K [0x0000000080000000, 0x0000000100000000)
  region size 1024K, 2 young (2048K), 2 survivors (2048K)
 Metaspace       used 79724K, committed 80384K, reserved 1179648K
  class space    used 11213K, committed 11520K, reserved 1048576K
}
Event: 474.731 GC heap before
{Heap before GC invocations=62 (full 0):
 garbage-first heap   total 182272K, used 116336K [0x0000000080000000, 0x0000000100000000)
  region size 1024K, 35 young (35840K), 2 survivors (2048K)
 Metaspace       used 80048K, committed 80768K, reserved 1179648K
  class space    used 11221K, committed 11520K, reserved 1048576K
}
Event: 474.824 GC heap after
{Heap after GC invocations=63 (full 0):
 garbage-first heap   total 182272K, used 86142K [0x0000000080000000, 0x0000000100000000)
  region size 1024K, 10 young (10240K), 10 survivors (10240K)
 Metaspace       used 80048K, committed 80768K, reserved 1179648K
  class space    used 11221K, committed 11520K, reserved 1048576K
}
Event: 475.179 GC heap before
{Heap before GC invocations=63 (full 0):
 garbage-first heap   total 182272K, used 98430K [0x0000000080000000, 0x0000000100000000)
  region size 1024K, 20 young (20480K), 10 survivors (10240K)
 Metaspace       used 80051K, committed 80768K, reserved 1179648K
  class space    used 11221K, committed 11520K, reserved 1048576K
}
Event: 475.316 GC heap after
{Heap after GC invocations=64 (full 0):
 garbage-first heap   total 219136K, used 92323K [0x0000000080000000, 0x0000000100000000)
  region size 1024K, 3 young (3072K), 3 survivors (3072K)
 Metaspace       used 80051K, committed 80768K, reserved 1179648K
  class space    used 11221K, committed 11520K, reserved 1048576K
}
Event: 476.531 GC heap before
{Heap before GC invocations=64 (full 0):
 garbage-first heap   total 219136K, used 104611K [0x0000000080000000, 0x0000000100000000)
  region size 1024K, 15 young (15360K), 3 survivors (3072K)
 Metaspace       used 80055K, committed 80768K, reserved 1179648K
  class space    used 11221K, committed 11520K, reserved 1048576K
}
Event: 476.573 GC heap after
{Heap after GC invocations=65 (full 0):
 garbage-first heap   total 219136K, used 93597K [0x0000000080000000, 0x0000000100000000)
  region size 1024K, 2 young (2048K), 2 survivors (2048K)
 Metaspace       used 80055K, committed 80768K, reserved 1179648K
  class space    used 11221K, committed 11520K, reserved 1048576K
}
Event: 489.622 GC heap before
{Heap before GC invocations=65 (full 0):
 garbage-first heap   total 219136K, used 118173K [0x0000000080000000, 0x0000000100000000)
  region size 1024K, 25 young (25600K), 2 survivors (2048K)
 Metaspace       used 80760K, committed 81472K, reserved 1179648K
  class space    used 11309K, committed 11648K, reserved 1048576K
}
Event: 489.838 GC heap after
{Heap after GC invocations=66 (full 0):
 garbage-first heap   total 219136K, used 97280K [0x0000000080000000, 0x0000000100000000)
  region size 1024K, 4 young (4096K), 4 survivors (4096K)
 Metaspace       used 80760K, committed 81472K, reserved 1179648K
  class space    used 11309K, committed 11648K, reserved 1048576K
}
Event: 508.421 GC heap before
{Heap before GC invocations=66 (full 0):
 garbage-first heap   total 219136K, used 116736K [0x0000000080000000, 0x0000000100000000)
  region size 1024K, 23 young (23552K), 4 survivors (4096K)
 Metaspace       used 83425K, committed 84096K, reserved 1179648K
  class space    used 11632K, committed 11968K, reserved 1048576K
}
Event: 508.672 GC heap after
{Heap after GC invocations=67 (full 0):
 garbage-first heap   total 219136K, used 98431K [0x0000000080000000, 0x0000000100000000)
  region size 1024K, 1 young (1024K), 1 survivors (1024K)
 Metaspace       used 83425K, committed 84096K, reserved 1179648K
  class space    used 11632K, committed 11968K, reserved 1048576K
}
Event: 511.547 GC heap before
{Heap before GC invocations=67 (full 0):
 garbage-first heap   total 219136K, used 106623K [0x0000000080000000, 0x0000000100000000)
  region size 1024K, 10 young (10240K), 1 survivors (1024K)
 Metaspace       used 84352K, committed 84992K, reserved 1179648K
  class space    used 11727K, committed 12032K, reserved 1048576K
}
Event: 511.682 GC heap after
{Heap after GC invocations=68 (full 0):
 garbage-first heap   total 219136K, used 98969K [0x0000000080000000, 0x0000000100000000)
  region size 1024K, 2 young (2048K), 2 survivors (2048K)
 Metaspace       used 84352K, committed 84992K, reserved 1179648K
  class space    used 11727K, committed 12032K, reserved 1048576K
}
Event: 512.603 GC heap before
{Heap before GC invocations=68 (full 0):
 garbage-first heap   total 219136K, used 105113K [0x0000000080000000, 0x0000000100000000)
  region size 1024K, 3 young (3072K), 2 survivors (2048K)
 Metaspace       used 84352K, committed 84992K, reserved 1179648K
  class space    used 11727K, committed 12032K, reserved 1048576K
}
Event: 512.610 GC heap after
{Heap after GC invocations=69 (full 0):
 garbage-first heap   total 219136K, used 105021K [0x0000000080000000, 0x0000000100000000)
  region size 1024K, 2 young (2048K), 2 survivors (2048K)
 Metaspace       used 84352K, committed 84992K, reserved 1179648K
  class space    used 11727K, committed 12032K, reserved 1048576K
}
Event: 592.087 GC heap before
{Heap before GC invocations=70 (full 0):
 garbage-first heap   total 219136K, used 174653K [0x0000000080000000, 0x0000000100000000)
  region size 1024K, 65 young (66560K), 2 survivors (2048K)
 Metaspace       used 90495K, committed 91200K, reserved 1179648K
  class space    used 12330K, committed 12672K, reserved 1048576K
}
Event: 592.736 GC heap after
{Heap after GC invocations=71 (full 0):
 garbage-first heap   total 219136K, used 114878K [0x0000000080000000, 0x0000000100000000)
  region size 1024K, 8 young (8192K), 8 survivors (8192K)
 Metaspace       used 90495K, committed 91200K, reserved 1179648K
  class space    used 12330K, committed 12672K, reserved 1048576K
}
Event: 595.007 GC heap before
{Heap before GC invocations=71 (full 0):
 garbage-first heap   total 219136K, used 115902K [0x0000000080000000, 0x0000000100000000)
  region size 1024K, 10 young (10240K), 8 survivors (8192K)
 Metaspace       used 90733K, committed 91456K, reserved 1179648K
  class space    used 12357K, committed 12672K, reserved 1048576K
}
Event: 595.338 GC heap after
{Heap after GC invocations=72 (full 0):
 garbage-first heap   total 219136K, used 115140K [0x0000000080000000, 0x0000000100000000)
  region size 1024K, 1 young (1024K), 1 survivors (1024K)
 Metaspace       used 90733K, committed 91456K, reserved 1179648K
  class space    used 12357K, committed 12672K, reserved 1048576K
}
Event: 668.179 GC heap before
{Heap before GC invocations=72 (full 0):
 garbage-first heap   total 219136K, used 137668K [0x0000000080000000, 0x0000000100000000)
  region size 1024K, 24 young (24576K), 1 survivors (1024K)
 Metaspace       used 93557K, committed 94272K, reserved 1179648K
  class space    used 12702K, committed 13056K, reserved 1048576K
}

