# JRE version: OpenJDK Runtime Environment (17.0.11) (build 17.0.11+0--11852314)
# Java VM: OpenJDK 64-Bit Server VM (17.0.11+0--11852314, mixed mode, tiered, compressed oops, compressed class ptrs, g1 gc, windows-amd64)
GC Precious Log:
 CPUs: 4 total, 4 available
 Memory: 1934M
 Large Page Support: Disabled
 NUMA Support: Disabled
 Compressed Oops: Enabled (32-bit)
 Heap Region Size: 1M
 Heap Min Capacity: 8M
 Heap Initial Capacity: 32M
 Heap Max Capacity: 2G
 Pre-touch: Disabled
 Parallel Workers: 4
 Concurrent Workers: 1
 Concurrent Refinement Workers: 4
 Periodic GC: Disabled
Heap:
 garbage-first heap   total 384000K, used 119045K [0x0000000080000000, 0x0000000100000000)
  region size 1024K, 5 young (5120K), 3 survivors (3072K)
 Metaspace       used 92306K, committed 92992K, reserved 1179648K
  class space    used 12500K, committed 12800K, reserved 1048576K
GC Heap History (20 events):
Event: 481.449 GC heap before
{Heap before GC invocations=63 (full 0):
 garbage-first heap   total 229376K, used 99325K [0x0000000080000000, 0x0000000100000000)
  region size 1024K, 13 young (13312K), 2 survivors (2048K)
 Metaspace       used 80096K, committed 80768K, reserved 1179648K
  class space    used 11224K, committed 11520K, reserved 1048576K
}
Event: 481.517 GC heap after
{Heap after GC invocations=64 (full 0):
 garbage-first heap   total 229376K, used 93604K [0x0000000080000000, 0x0000000100000000)
  region size 1024K, 2 young (2048K), 2 survivors (2048K)
 Metaspace       used 80096K, committed 80768K, reserved 1179648K
  class space    used 11224K, committed 11520K, reserved 1048576K
}
Event: 482.581 GC heap before
{Heap before GC invocations=64 (full 0):
 garbage-first heap   total 229376K, used 103844K [0x0000000080000000, 0x0000000100000000)
  region size 1024K, 11 young (11264K), 2 survivors (2048K)
 Metaspace       used 80097K, committed 80768K, reserved 1179648K
  class space    used 11224K, committed 11520K, reserved 1048576K
}
Event: 482.636 GC heap after
{Heap after GC invocations=65 (full 0):
 garbage-first heap   total 384000K, used 91361K [0x0000000080000000, 0x0000000100000000)
  region size 1024K, 2 young (2048K), 2 survivors (2048K)
 Metaspace       used 80097K, committed 80768K, reserved 1179648K
  class space    used 11224K, committed 11520K, reserved 1048576K
}
Event: 487.502 GC heap before
{Heap before GC invocations=65 (full 0):
 garbage-first heap   total 384000K, used 109793K [0x0000000080000000, 0x0000000100000000)
  region size 1024K, 18 young (18432K), 2 survivors (2048K)
 Metaspace       used 80100K, committed 80768K, reserved 1179648K
  class space    used 11224K, committed 11520K, reserved 1048576K
}
Event: 487.597 GC heap after
{Heap after GC invocations=66 (full 0):
 garbage-first heap   total 384000K, used 94855K [0x0000000080000000, 0x0000000100000000)
  region size 1024K, 3 young (3072K), 3 survivors (3072K)
 Metaspace       used 80100K, committed 80768K, reserved 1179648K
  class space    used 11224K, committed 11520K, reserved 1048576K
}
Event: 490.510 GC heap before
{Heap before GC invocations=66 (full 0):
 garbage-first heap   total 384000K, used 110215K [0x0000000080000000, 0x0000000100000000)
  region size 1024K, 18 young (18432K), 3 survivors (3072K)
 Metaspace       used 80101K, committed 80768K, reserved 1179648K
  class space    used 11224K, committed 11520K, reserved 1048576K
}
Event: 490.547 GC heap after
{Heap after GC invocations=67 (full 0):
 garbage-first heap   total 384000K, used 99229K [0x0000000080000000, 0x0000000100000000)
  region size 1024K, 3 young (3072K), 3 survivors (3072K)
 Metaspace       used 80101K, committed 80768K, reserved 1179648K
  class space    used 11224K, committed 11520K, reserved 1048576K
}
Event: 524.363 GC heap before
{Heap before GC invocations=67 (full 0):
 garbage-first heap   total 384000K, used 120733K [0x0000000080000000, 0x0000000100000000)
  region size 1024K, 25 young (25600K), 3 survivors (3072K)
 Metaspace       used 82255K, committed 82944K, reserved 1179648K
  class space    used 11493K, committed 11776K, reserved 1048576K
}
Event: 524.755 GC heap after
{Heap after GC invocations=68 (full 0):
 garbage-first heap   total 384000K, used 100642K [0x0000000080000000, 0x0000000100000000)
  region size 1024K, 2 young (2048K), 2 survivors (2048K)
 Metaspace       used 82255K, committed 82944K, reserved 1179648K
  class space    used 11493K, committed 11776K, reserved 1048576K
}
Event: 545.183 GC heap before
{Heap before GC invocations=68 (full 0):
 garbage-first heap   total 384000K, used 116002K [0x0000000080000000, 0x0000000100000000)
  region size 1024K, 18 young (18432K), 2 survivors (2048K)
 Metaspace       used 84326K, committed 85056K, reserved 1179648K
  class space    used 11725K, committed 12032K, reserved 1048576K
}
Event: 545.356 GC heap after
{Heap after GC invocations=69 (full 0):
 garbage-first heap   total 384000K, used 101608K [0x0000000080000000, 0x0000000100000000)
  region size 1024K, 3 young (3072K), 3 survivors (3072K)
 Metaspace       used 84326K, committed 85056K, reserved 1179648K
  class space    used 11725K, committed 12032K, reserved 1048576K
}
Event: 587.074 GC heap before
{Heap before GC invocations=69 (full 0):
 garbage-first heap   total 384000K, used 132328K [0x0000000080000000, 0x0000000100000000)
  region size 1024K, 22 young (22528K), 3 survivors (3072K)
 Metaspace       used 85705K, committed 86400K, reserved 1179648K
  class space    used 11867K, committed 12160K, reserved 1048576K
}
Event: 587.354 GC heap after
{Heap after GC invocations=70 (full 0):
 garbage-first heap   total 384000K, used 114392K [0x0000000080000000, 0x0000000100000000)
  region size 1024K, 3 young (3072K), 3 survivors (3072K)
 Metaspace       used 85705K, committed 86400K, reserved 1179648K
  class space    used 11867K, committed 12160K, reserved 1048576K
}
Event: 630.653 GC heap before
{Heap before GC invocations=70 (full 0):
 garbage-first heap   total 384000K, used 128728K [0x0000000080000000, 0x0000000100000000)
  region size 1024K, 18 young (18432K), 3 survivors (3072K)
 Metaspace       used 87118K, committed 87808K, reserved 1179648K
  class space    used 12027K, committed 12352K, reserved 1048576K
}
Event: 630.874 GC heap after
{Heap after GC invocations=71 (full 0):
 garbage-first heap   total 384000K, used 116042K [0x0000000080000000, 0x0000000100000000)
  region size 1024K, 2 young (2048K), 2 survivors (2048K)
 Metaspace       used 87118K, committed 87808K, reserved 1179648K
  class space    used 12027K, committed 12352K, reserved 1048576K
}
Event: 639.878 GC heap before
{Heap before GC invocations=71 (full 0):
 garbage-first heap   total 384000K, used 140618K [0x0000000080000000, 0x0000000100000000)
  region size 1024K, 27 young (27648K), 2 survivors (2048K)
 Metaspace       used 90244K, committed 90944K, reserved 1179648K
  class space    used 12268K, committed 12608K, reserved 1048576K
}
Event: 640.042 GC heap after
{Heap after GC invocations=72 (full 0):
 garbage-first heap   total 384000K, used 117953K [0x0000000080000000, 0x0000000100000000)
  region size 1024K, 4 young (4096K), 4 survivors (4096K)
 Metaspace       used 90244K, committed 90944K, reserved 1179648K
  class space    used 12268K, committed 12608K, reserved 1048576K
}
Event: 667.445 GC heap before
{Heap before GC invocations=72 (full 0):
 garbage-first heap   total 384000K, used 133313K [0x0000000080000000, 0x0000000100000000)
  region size 1024K, 20 young (20480K), 4 survivors (4096K)
 Metaspace       used 92144K, committed 92800K, reserved 1179648K
  class space    used 12481K, committed 12800K, reserved 1048576K
}
Event: 667.699 GC heap after
{Heap after GC invocations=73 (full 0):
 garbage-first heap   total 384000K, used 118021K [0x0000000080000000, 0x0000000100000000)
  region size 1024K, 3 young (3072K), 3 survivors (3072K)
 Metaspace       used 92144K, committed 92800K, reserved 1179648K
  class space    used 12481K, committed 12800K, reserved 1048576K
}

